2022-01-01 05:22:06,618 INFO  [Log] Test called: Testing the authentication has started 
2022-01-01 05:22:29,967 INFO  [Log] Test called: Login has started 
2022-01-01 06:06:05,288 INFO  [Log] Test called: Testing the authentication has started 
2022-01-01 06:06:21,815 INFO  [Log] Test called: Login has started 
2022-01-01 06:15:49,377 INFO  [Log] Test called: Testing the authentication has started 
2022-01-01 06:16:05,285 INFO  [Log] INFO: Navigating to https://shop.demoqa.com/ 
2022-01-01 06:16:07,238 INFO  [Log] Test called: Login has started 
2022-01-01 06:16:46,602 INFO  [Log] Test called: Testing the authentication has started 
2022-01-01 06:17:02,281 INFO  [Log] INFO: Navigating to https://shop.demoqa.com/ 
2022-01-01 06:17:03,913 INFO  [Log] Test called: Login has started 
2022-01-01 06:21:38,412 INFO  [Log] Test called: Testing the authentication has started 
2022-01-01 06:21:54,279 INFO  [Log] INFO: Navigating to https://shop.demoqa.com/ 
2022-01-01 06:21:56,399 INFO  [Log] Test called: Login has started 
2022-01-01 06:24:26,120 INFO  [Log] Test called: Testing the authentication has started 
2022-01-01 06:24:42,181 INFO  [Log] INFO: Navigating to https://shop.demoqa.com/ 
2022-01-01 06:24:45,660 INFO  [Log] Test called: Login has started 
2022-01-01 06:25:51,878 INFO  [Log] Test called: Testing the authentication has started 
2022-01-01 06:26:07,815 INFO  [Log] INFO: Navigating to https://shop.demoqa.com/ 
2022-01-01 06:26:11,494 INFO  [Log] Test called: Login has started 
2022-01-01 06:31:59,749 INFO  [Log] Test called: Login has started 
2022-01-01 06:32:09,884 INFO  [Log] Test called: AddToCart Glass has started 
2022-01-01 06:35:01,622 INFO  [Log] Test called: Login has started 
2022-01-01 06:35:18,440 INFO  [Log] INFO: Navigating to https://shop.demoqa.com/ 
2022-01-01 06:35:18,478 INFO  [Log] Test called: AddToCart Glass has started 
2022-01-01 06:35:49,363 INFO  [Log] Test called: Login has started 
2022-01-01 06:36:05,116 INFO  [Log] INFO: Navigating to https://shop.demoqa.com/ 
2022-01-01 06:36:09,557 INFO  [Log] Test called: AddToCart Glass has started 
2022-01-01 06:42:08,054 INFO  [Log] Test called: Login has started 
2022-01-01 06:42:24,424 INFO  [Log] INFO: Navigating to https://shop.demoqa.com/ 
2022-01-01 06:42:28,267 INFO  [Log] Test called: AddToCart Glass has started 
2022-01-01 06:48:19,410 INFO  [Log] Test called: Login has started 
2022-01-01 06:48:35,205 INFO  [Log] INFO: Navigating to https://shop.demoqa.com/ 
2022-01-01 06:48:38,989 INFO  [Log] Test called: AddToCart Glass has started 
2022-01-01 06:50:26,683 INFO  [Log] Test called: Login has started 
2022-01-01 06:50:42,482 INFO  [Log] INFO: Navigating to https://shop.demoqa.com/ 
2022-01-01 06:50:46,745 INFO  [Log] Test called: AddToCart Glass has started 
2022-01-01 06:55:25,476 INFO  [Log] Test called: Login has started 
2022-01-01 06:55:41,103 INFO  [Log] INFO: Navigating to https://shop.demoqa.com/ 
2022-01-01 06:55:44,908 INFO  [Log] Test called: AddToCart Glass has started 
2022-01-01 06:58:36,618 INFO  [Log] Test called: Login has started 
2022-01-01 06:58:52,831 INFO  [Log] INFO: Navigating to https://shop.demoqa.com/ 
2022-01-01 06:58:56,696 INFO  [Log] Test called: AddToCart Glass has started 
2022-01-01 06:59:28,804 INFO  [Log] Test called: Login has started 
2022-01-01 06:59:45,600 INFO  [Log] INFO: Navigating to https://shop.demoqa.com/ 
2022-01-01 06:59:49,881 INFO  [Log] Test called: AddToCart Glass has started 
2022-01-01 07:02:33,199 INFO  [Log] Test called: Login has started 
2022-01-01 07:02:48,279 INFO  [Log] INFO: Navigating to https://shop.demoqa.com/ 
2022-01-01 07:02:52,008 INFO  [Log] Test called: AddToCart Glass has started 
2022-01-01 07:46:18,175 INFO  [Log] Test called: Login has started 
2022-01-01 07:46:34,301 INFO  [Log] INFO: Navigating to https://shop.demoqa.com/ 
2022-01-01 07:46:37,961 INFO  [Log] Test called: AddToCart Glass has started 
2022-01-01 07:48:31,004 INFO  [Log] Test called: Login has started 
2022-01-01 07:48:46,731 INFO  [Log] INFO: Navigating to https://shop.demoqa.com/ 
2022-01-01 07:48:50,517 INFO  [Log] Test called: AddToCart Glass has started 
2022-01-01 07:50:43,391 INFO  [Log] Test called: Login has started 
2022-01-01 07:51:00,070 INFO  [Log] INFO: Navigating to https://shop.demoqa.com/ 
2022-01-01 07:51:03,801 INFO  [Log] Test called: AddToCart Glass has started 
2022-01-01 07:53:41,417 INFO  [Log] Test called: Login has started 
2022-01-01 07:53:57,122 INFO  [Log] INFO: Navigating to https://shop.demoqa.com/ 
2022-01-01 07:54:00,893 INFO  [Log] Test called: AddToCart Glass has started 
2022-01-01 07:55:35,752 INFO  [Log] Test called: Login has started 
2022-01-01 07:55:51,745 INFO  [Log] INFO: Navigating to https://shop.demoqa.com/ 
2022-01-01 07:55:55,561 INFO  [Log] Test called: AddToCart Glass has started 
2022-01-01 07:57:43,759 INFO  [Log] Test called: Login has started 
2022-01-01 07:57:59,519 INFO  [Log] INFO: Navigating to https://shop.demoqa.com/ 
2022-01-01 07:58:03,280 INFO  [Log] Test called: AddToCart Glass has started 
2022-01-01 07:59:21,518 INFO  [Log] Test called: Login has started 
2022-01-01 07:59:37,095 INFO  [Log] INFO: Navigating to https://shop.demoqa.com/ 
2022-01-01 07:59:40,813 INFO  [Log] Test called: AddToCart Glass has started 
2022-01-01 08:03:10,363 INFO  [Log] Test called: Login has started 
2022-01-01 08:03:25,709 INFO  [Log] INFO: Navigating to https://shop.demoqa.com/ 
2022-01-01 08:03:29,490 INFO  [Log] Test called: AddToCart Glass has started 
2022-01-01 08:05:20,365 INFO  [Log] Test called: Login has started 
2022-01-01 08:05:35,845 INFO  [Log] INFO: Navigating to https://shop.demoqa.com/ 
2022-01-01 08:05:40,430 INFO  [Log] Test called: AddToCart Glass has started 
2022-01-01 08:06:55,814 INFO  [Log] Test called: Login has started 
2022-01-01 08:07:11,539 INFO  [Log] INFO: Navigating to https://shop.demoqa.com/ 
2022-01-01 08:07:15,409 INFO  [Log] Test called: AddToCart Glass has started 
2022-01-01 08:08:24,948 INFO  [Log] Test called: Login has started 
2022-01-01 08:08:40,908 INFO  [Log] INFO: Navigating to https://shop.demoqa.com/ 
2022-01-01 08:08:44,793 INFO  [Log] Test called: AddToCart Glass has started 
2022-01-01 08:26:11,716 INFO  [Log] Test called: Login has started 
2022-01-01 08:26:27,689 INFO  [Log] INFO: Navigating to https://shop.demoqa.com/ 
2022-01-01 08:26:31,862 INFO  [Log] Test called: AddToCart Glass has started 
2022-01-01 08:30:21,494 INFO  [Log] Test called: Login has started 
2022-01-01 08:30:36,465 INFO  [Log] INFO: Navigating to https://shop.demoqa.com/ 
2022-01-01 08:30:40,462 INFO  [Log] Test called: AddToCart Glass has started 
2022-01-01 08:33:04,852 INFO  [Log] Test called: Login has started 
2022-01-01 08:33:20,491 INFO  [Log] INFO: Navigating to https://shop.demoqa.com/ 
2022-01-01 08:33:24,472 INFO  [Log] Test called: AddToCart Glass has started 
2022-01-01 08:33:32,716 INFO  [Log] Test called: AddToCart Shoes has started 
2022-01-01 08:38:01,630 INFO  [Log] Test called: Login has started 
2022-01-01 08:38:17,024 INFO  [Log] INFO: Navigating to https://shop.demoqa.com/ 
2022-01-01 08:38:59,827 INFO  [Log] Test called: Login has started 
2022-01-01 08:39:14,908 INFO  [Log] INFO: Navigating to https://shop.demoqa.com/ 
2022-01-01 08:39:19,015 INFO  [Log] Test called: AddToCart Glass has started 
2022-01-01 08:39:27,567 INFO  [Log] Test called: AddToCart Shoes has started 
2022-01-01 08:41:40,687 INFO  [Log] Test called: Login has started 
2022-01-01 08:41:56,399 INFO  [Log] INFO: Navigating to https://shop.demoqa.com/ 
2022-01-01 08:42:00,795 INFO  [Log] Test called: AddToCart Glass has started 
2022-01-01 08:42:09,449 INFO  [Log] Test called: AddToCart Shoes has started 
2022-01-01 08:45:29,657 INFO  [Log] Test called: Login has started 
2022-01-01 08:45:46,784 INFO  [Log] INFO: Navigating to https://shop.demoqa.com/ 
2022-01-01 08:45:51,113 INFO  [Log] Test called: AddToCart Glass has started 
2022-01-01 08:45:59,555 INFO  [Log] Test called: AddToCart Shoes has started 
2022-01-01 08:48:27,606 INFO  [Log] Test called: Login has started 
2022-01-01 08:48:42,996 INFO  [Log] INFO: Navigating to https://shop.demoqa.com/ 
2022-01-01 08:48:47,092 INFO  [Log] Test called: AddToCart Glass has started 
2022-01-01 08:48:55,529 INFO  [Log] Test called: AddToCart Shoes has started 
2022-01-01 09:28:34,408 INFO  [Log] Test called: Login has started 
2022-01-01 09:28:49,310 INFO  [Log] INFO: Navigating to https://shop.demoqa.com/ 
2022-01-01 09:28:53,242 INFO  [Log] Test called: AddToCart Glass has started 
2022-01-01 09:29:01,728 INFO  [Log] Test called: AddToCart Shoes has started 
2022-01-01 09:29:06,401 INFO  [Log] Test called: Cart Page has started 
2022-01-01 09:30:08,678 INFO  [Log] Test called: Login has started 
2022-01-01 09:30:24,260 INFO  [Log] INFO: Navigating to https://shop.demoqa.com/ 
2022-01-01 09:30:28,131 INFO  [Log] Test called: AddToCart Glass has started 
2022-01-01 09:30:36,193 INFO  [Log] Test called: AddToCart Shoes has started 
2022-01-01 09:30:40,589 INFO  [Log] Test called: Cart Page has started 
2022-01-01 09:32:10,006 INFO  [Log] Test called: Login has started 
2022-01-01 09:32:25,450 INFO  [Log] INFO: Navigating to https://shop.demoqa.com/ 
2022-01-01 09:32:29,212 INFO  [Log] Test called: AddToCart Glass has started 
2022-01-01 09:32:37,605 INFO  [Log] Test called: AddToCart Shoes has started 
2022-01-01 09:32:41,940 INFO  [Log] Test called: Cart Page has started 
2022-01-01 09:33:35,534 INFO  [Log] Test called: Login has started 
2022-01-01 09:33:51,752 INFO  [Log] INFO: Navigating to https://shop.demoqa.com/ 
2022-01-01 09:33:55,474 INFO  [Log] Test called: AddToCart Glass has started 
2022-01-01 09:34:03,421 INFO  [Log] Test called: AddToCart Shoes has started 
2022-01-01 09:34:07,557 INFO  [Log] Test called: Cart Page has started 
2022-01-01 09:34:21,886 INFO  [Log] Test called: Login has started 
2022-01-01 09:34:37,273 INFO  [Log] INFO: Navigating to https://shop.demoqa.com/ 
2022-01-01 09:34:40,993 INFO  [Log] Test called: AddToCart Glass has started 
2022-01-01 09:34:49,180 INFO  [Log] Test called: AddToCart Shoes has started 
2022-01-01 09:34:53,394 INFO  [Log] Test called: Cart Page has started 
2022-01-01 09:36:03,685 INFO  [Log] Test called: Login has started 
2022-01-01 09:36:18,984 INFO  [Log] INFO: Navigating to https://shop.demoqa.com/ 
2022-01-01 09:36:23,022 INFO  [Log] Test called: AddToCart Glass has started 
2022-01-01 09:36:31,142 INFO  [Log] Test called: AddToCart Shoes has started 
2022-01-01 09:36:35,466 INFO  [Log] Test called: Cart Page has started 
2022-01-01 09:37:46,239 INFO  [Log] Test called: Login has started 
2022-01-01 09:38:14,593 INFO  [Log] INFO: Navigating to https://shop.demoqa.com/ 
2022-01-01 09:38:20,134 INFO  [Log] Test called: AddToCart Glass has started 
2022-01-01 09:38:31,653 INFO  [Log] Test called: AddToCart Shoes has started 
2022-01-01 09:38:36,375 INFO  [Log] Test called: Cart Page has started 
2022-01-01 09:47:47,566 INFO  [Log] Test called: Login has started 
2022-01-01 09:48:14,878 INFO  [Log] INFO: Navigating to https://shop.demoqa.com/ 
2022-01-01 09:48:18,888 INFO  [Log] Test called: AddToCart Glass has started 
2022-01-01 09:48:29,723 INFO  [Log] Test called: AddToCart Shoes has started 
2022-01-01 09:48:34,298 INFO  [Log] Test called: Cart Page has started 
2022-01-01 09:50:48,512 INFO  [Log] Test called: Login has started 
2022-01-01 09:51:04,621 INFO  [Log] INFO: Navigating to https://shop.demoqa.com/ 
2022-01-01 09:51:09,195 INFO  [Log] Test called: AddToCart Glass has started 
2022-01-01 09:51:18,101 INFO  [Log] Test called: AddToCart Shoes has started 
2022-01-01 09:51:22,639 INFO  [Log] Test called: Cart Page has started 
2022-01-01 09:56:33,297 INFO  [Log] Test called: Login has started 
2022-01-01 09:56:50,676 INFO  [Log] INFO: Navigating to https://shop.demoqa.com/ 
2022-01-01 09:56:52,368 INFO  [Log] Test called: AddToCart Glass has started 
2022-01-01 09:56:59,643 INFO  [Log] INFO: Navigating to https://shop.demoqa.com/ 
2022-01-01 09:57:02,224 INFO  [Log] Test called: AddToCart Shoes has started 
2022-01-01 09:57:11,817 INFO  [Log] Test called: Cart Page has started 
2022-01-01 09:58:42,567 INFO  [Log] Test called: Login has started 
2022-01-01 09:58:58,290 INFO  [Log] INFO: Navigating to https://shop.demoqa.com/ 
2022-01-01 09:59:00,238 INFO  [Log] Test called: AddToCart Glass has started 
2022-01-01 09:59:07,602 INFO  [Log] INFO: Navigating to https://shop.demoqa.com/ 
2022-01-01 09:59:10,767 INFO  [Log] Test called: AddToCart Shoes has started 
2022-01-01 09:59:19,021 INFO  [Log] Test called: Cart Page has started 
2022-01-01 10:02:48,469 INFO  [Log] Test called: Testing the authentication has started 
2022-01-01 10:03:04,663 INFO  [Log] INFO: Navigating to https://shop.demoqa.com/ 
2022-01-01 10:03:08,564 INFO  [Log] Test called: Login has started 
2022-01-01 10:03:14,922 INFO  [Log] INFO: Navigating to https://shop.demoqa.com/ 
2022-01-01 10:03:17,686 INFO  [Log] Test called: AddToCart Glass has started 
2022-01-01 10:03:26,089 INFO  [Log] Test called: AddToCart Shoes has started 
2022-01-01 10:03:30,467 INFO  [Log] Test called: Cart Page has started 
2022-01-01 10:07:29,771 INFO  [Log] Test called: Testing the authentication has started 
2022-01-01 10:07:45,460 INFO  [Log] INFO: Navigating to https://shop.demoqa.com/ 
2022-01-01 10:07:46,762 INFO  [Log] Test called: Login has started 
2022-01-01 10:07:54,415 INFO  [Log] INFO: Navigating to https://shop.demoqa.com/ 
2022-01-01 10:07:55,558 INFO  [Log] Test called: AddToCart Glass has started 
2022-01-01 10:08:04,137 INFO  [Log] Test called: AddToCart Shoes has started 
2022-01-01 10:08:09,142 INFO  [Log] Test called: Cart Page has started 
2022-01-01 10:09:33,910 INFO  [Log] Test called: Testing the authentication has started 
2022-01-01 10:09:49,994 INFO  [Log] INFO: Navigating to https://shop.demoqa.com/ 
2022-01-01 10:09:51,347 INFO  [Log] Test called: Login has started 
2022-01-01 10:09:58,993 INFO  [Log] INFO: Navigating to https://shop.demoqa.com/ 
2022-01-01 10:10:00,064 INFO  [Log] Test called: AddToCart Glass has started 
2022-01-01 10:10:08,926 INFO  [Log] Test called: AddToCart Shoes has started 
2022-01-01 10:10:13,547 INFO  [Log] Test called: Cart Page has started 
2022-01-01 10:10:31,886 INFO  [Log] Test called: Testing the authentication has started 
2022-01-01 10:10:48,183 INFO  [Log] INFO: Navigating to https://shop.demoqa.com/ 
2022-01-01 10:10:49,515 INFO  [Log] Test called: Login has started 
2022-01-01 10:10:57,248 INFO  [Log] INFO: Navigating to https://shop.demoqa.com/ 
2022-01-01 10:10:58,349 INFO  [Log] Test called: AddToCart Glass has started 
2022-01-01 10:11:06,582 INFO  [Log] Test called: AddToCart Shoes has started 
2022-01-01 10:11:10,851 INFO  [Log] Test called: Cart Page has started 
2022-01-01 10:13:17,036 INFO  [Log] Test called: Testing the authentication has started 
2022-01-01 10:13:33,196 INFO  [Log] INFO: Navigating to https://shop.demoqa.com/ 
2022-01-01 10:13:34,535 INFO  [Log] Test called: Login has started 
2022-01-01 10:13:42,230 INFO  [Log] INFO: Navigating to https://shop.demoqa.com/ 
2022-01-01 10:13:45,274 INFO  [Log] Test called: AddToCart Glass has started 
2022-01-01 10:13:53,013 INFO  [Log] Test called: AddToCart Shoes has started 
2022-01-01 10:13:57,411 INFO  [Log] Test called: Cart Page has started 
2022-01-01 10:15:38,212 INFO  [Log] Test called: Testing the authentication has started 
2022-01-01 10:15:54,255 INFO  [Log] INFO: Navigating to https://shop.demoqa.com/ 
2022-01-01 10:15:58,877 INFO  [Log] Test called: Login has started 
2022-01-01 10:16:05,246 INFO  [Log] INFO: Navigating to https://shop.demoqa.com/ 
2022-01-01 10:16:08,458 INFO  [Log] Test called: AddToCart Glass has started 
2022-01-01 10:16:17,042 INFO  [Log] Test called: AddToCart Shoes has started 
2022-01-01 10:16:21,322 INFO  [Log] Test called: Cart Page has started 
